# JRE version: Java(TM) SE Runtime Environment (17.0.6+9) (build 17.0.6+9-LTS-190)
# Java VM: Java HotSpot(TM) 64-Bit Server VM (17.0.6+9-LTS-190, mixed mode, sharing, tiered, compressed oops, compressed class ptrs, g1 gc, windows-amd64)
GC Precious Log:
 CPUs: 8 total, 8 available
 Memory: 16202M
 Large Page Support: Disabled
 NUMA Support: Disabled
 Compressed Oops: Enabled (Zero based)
 Heap Region Size: 2M
 Heap Min Capacity: 8M
 Heap Initial Capacity: 254M
 Heap Max Capacity: 3G
 Pre-touch: Disabled
 Parallel Workers: 8
 Concurrent Workers: 2
 Concurrent Refinement Workers: 8
 Periodic GC: Disabled
Heap:
 garbage-first heap   total 393216K, used 143079K [0x0000000740000000, 0x0000000800000000)
  region size 2048K, 5 young (10240K), 5 survivors (10240K)
 Metaspace       used 71694K, committed 72448K, reserved 1114112K
  class space    used 9904K, committed 10240K, reserved 1048576K
GC Heap History (20 events):
Event: 16.602 GC heap after
{Heap after GC invocations=28 (full 0):
 garbage-first heap   total 327680K, used 133839K [0x0000000740000000, 0x0000000800000000)
  region size 2048K, 6 young (12288K), 6 survivors (12288K)
 Metaspace       used 67079K, committed 67840K, reserved 1114112K
  class space    used 9323K, committed 9664K, reserved 1048576K
}
Event: 16.693 GC heap before
{Heap before GC invocations=28 (full 0):
 garbage-first heap   total 327680K, used 156367K [0x0000000740000000, 0x0000000800000000)
  region size 2048K, 7 young (14336K), 6 survivors (12288K)
 Metaspace       used 67080K, committed 67840K, reserved 1114112K
  class space    used 9323K, committed 9664K, reserved 1048576K
}
Event: 16.698 GC heap after
{Heap after GC invocations=29 (full 0):
 garbage-first heap   total 327680K, used 133846K [0x0000000740000000, 0x0000000800000000)
  region size 2048K, 3 young (6144K), 3 survivors (6144K)
 Metaspace       used 67080K, committed 67840K, reserved 1114112K
  class space    used 9323K, committed 9664K, reserved 1048576K
}
Event: 16.767 GC heap before
{Heap before GC invocations=29 (full 0):
 garbage-first heap   total 327680K, used 152278K [0x0000000740000000, 0x0000000800000000)
  region size 2048K, 4 young (8192K), 3 survivors (6144K)
 Metaspace       used 67081K, committed 67840K, reserved 1114112K
  class space    used 9323K, committed 9664K, reserved 1048576K
}
Event: 16.769 GC heap after
{Heap after GC invocations=30 (full 0):
 garbage-first heap   total 327680K, used 133144K [0x0000000740000000, 0x0000000800000000)
  region size 2048K, 3 young (6144K), 3 survivors (6144K)
 Metaspace       used 67081K, committed 67840K, reserved 1114112K
  class space    used 9323K, committed 9664K, reserved 1048576K
}
Event: 16.834 GC heap before
{Heap before GC invocations=30 (full 0):
 garbage-first heap   total 327680K, used 149528K [0x0000000740000000, 0x0000000800000000)
  region size 2048K, 4 young (8192K), 3 survivors (6144K)
 Metaspace       used 67083K, committed 67840K, reserved 1114112K
  class space    used 9323K, committed 9664K, reserved 1048576K
}
Event: 16.836 GC heap after
{Heap after GC invocations=31 (full 0):
 garbage-first heap   total 327680K, used 133518K [0x0000000740000000, 0x0000000800000000)
  region size 2048K, 3 young (6144K), 3 survivors (6144K)
 Metaspace       used 67083K, committed 67840K, reserved 1114112K
  class space    used 9323K, committed 9664K, reserved 1048576K
}
Event: 17.022 GC heap before
{Heap before GC invocations=31 (full 0):
 garbage-first heap   total 327680K, used 156046K [0x0000000740000000, 0x0000000800000000)
  region size 2048K, 6 young (12288K), 3 survivors (6144K)
 Metaspace       used 67301K, committed 67968K, reserved 1114112K
  class space    used 9334K, committed 9664K, reserved 1048576K
}
Event: 17.024 GC heap after
{Heap after GC invocations=32 (full 0):
 garbage-first heap   total 393216K, used 133835K [0x0000000740000000, 0x0000000800000000)
  region size 2048K, 3 young (6144K), 3 survivors (6144K)
 Metaspace       used 67301K, committed 67968K, reserved 1114112K
  class space    used 9334K, committed 9664K, reserved 1048576K
}
Event: 18.020 GC heap before
{Heap before GC invocations=32 (full 0):
 garbage-first heap   total 393216K, used 273099K [0x0000000740000000, 0x0000000800000000)
  region size 2048K, 50 young (102400K), 3 survivors (6144K)
 Metaspace       used 71490K, committed 72256K, reserved 1114112K
  class space    used 9901K, committed 10240K, reserved 1048576K
}
Event: 18.028 GC heap after
{Heap after GC invocations=33 (full 0):
 garbage-first heap   total 393216K, used 141353K [0x0000000740000000, 0x0000000800000000)
  region size 2048K, 7 young (14336K), 7 survivors (14336K)
 Metaspace       used 71490K, committed 72256K, reserved 1114112K
  class space    used 9901K, committed 10240K, reserved 1048576K
}
Event: 18.208 GC heap before
{Heap before GC invocations=33 (full 0):
 garbage-first heap   total 393216K, used 188457K [0x0000000740000000, 0x0000000800000000)
  region size 2048K, 9 young (18432K), 7 survivors (14336K)
 Metaspace       used 71532K, committed 72320K, reserved 1114112K
  class space    used 9901K, committed 10240K, reserved 1048576K
}
Event: 18.215 GC heap after
{Heap after GC invocations=34 (full 0):
 garbage-first heap   total 393216K, used 142313K [0x0000000740000000, 0x0000000800000000)
  region size 2048K, 5 young (10240K), 5 survivors (10240K)
 Metaspace       used 71532K, committed 72320K, reserved 1114112K
  class space    used 9901K, committed 10240K, reserved 1048576K
}
Event: 18.360 GC heap before
{Heap before GC invocations=34 (full 0):
 garbage-first heap   total 393216K, used 183273K [0x0000000740000000, 0x0000000800000000)
  region size 2048K, 6 young (12288K), 5 survivors (10240K)
 Metaspace       used 71542K, committed 72320K, reserved 1114112K
  class space    used 9901K, committed 10240K, reserved 1048576K
}
Event: 18.365 GC heap after
{Heap after GC invocations=35 (full 0):
 garbage-first heap   total 393216K, used 142609K [0x0000000740000000, 0x0000000800000000)
  region size 2048K, 5 young (10240K), 5 survivors (10240K)
 Metaspace       used 71542K, committed 72320K, reserved 1114112K
  class space    used 9901K, committed 10240K, reserved 1048576K
}
Event: 18.501 GC heap before
{Heap before GC invocations=35 (full 0):
 garbage-first heap   total 393216K, used 183569K [0x0000000740000000, 0x0000000800000000)
  region size 2048K, 6 young (12288K), 5 survivors (10240K)
 Metaspace       used 71543K, committed 72320K, reserved 1114112K
  class space    used 9901K, committed 10240K, reserved 1048576K
}
Event: 18.507 GC heap after
{Heap after GC invocations=36 (full 0):
 garbage-first heap   total 393216K, used 142436K [0x0000000740000000, 0x0000000800000000)
  region size 2048K, 5 young (10240K), 5 survivors (10240K)
 Metaspace       used 71543K, committed 72320K, reserved 1114112K
  class space    used 9901K, committed 10240K, reserved 1048576K
}
Event: 18.612 GC heap before
{Heap before GC invocations=36 (full 0):
 garbage-first heap   total 393216K, used 162916K [0x0000000740000000, 0x0000000800000000)
  region size 2048K, 7 young (14336K), 5 survivors (10240K)
 Metaspace       used 71586K, committed 72384K, reserved 1114112K
  class space    used 9901K, committed 10240K, reserved 1048576K
}
Event: 18.618 GC heap after
{Heap after GC invocations=37 (full 0):
 garbage-first heap   total 393216K, used 142027K [0x0000000740000000, 0x0000000800000000)
  region size 2048K, 5 young (10240K), 5 survivors (10240K)
 Metaspace       used 71586K, committed 72384K, reserved 1114112K
  class space    used 9901K, committed 10240K, reserved 1048576K
}
Event: 19.008 GC heap before
{Heap before GC invocations=37 (full 0):
 garbage-first heap   total 393216K, used 191179K [0x0000000740000000, 0x0000000800000000)
  region size 2048K, 11 young (22528K), 5 survivors (10240K)
 Metaspace       used 71694K, committed 72448K, reserved 1114112K
  class space    used 9904K, committed 10240K, reserved 1048576K
}

